# JRE version: OpenJDK Runtime Environment Temurin-17.0.12+7 (17.0.12+7) (build 17.0.12+7)
# Java VM: OpenJDK 64-Bit Server VM Temurin-17.0.12+7 (17.0.12+7, mixed mode, tiered, compressed oops, compressed class ptrs, g1 gc, windows-amd64)
GC Precious Log:
 CPUs: 6 total, 6 available
 Memory: 16318M
 Large Page Support: Disabled
 NUMA Support: Disabled
 Compressed Oops: Enabled (Zero based)
 Heap Region Size: 2M
 Heap Min Capacity: 8M
 Heap Initial Capacity: 256M
 Heap Max Capacity: 4080M
 Pre-touch: Disabled
 Parallel Workers: 6
 Concurrent Workers: 2
 Concurrent Refinement Workers: 6
 Periodic GC: Disabled
Heap:
 garbage-first heap   total 96256K, used 23464K [0x0000000701000000, 0x0000000800000000)
  region size 2048K, 5 young (10240K), 4 survivors (8192K)
 Metaspace       used 60016K, committed 60352K, reserved 1114112K
  class space    used 7844K, committed 8000K, reserved 1048576K
GC Heap History (20 events):
Event: 1.158 GC heap after
{Heap after GC invocations=6 (full 0):
 garbage-first heap   total 40960K, used 10024K [0x0000000701000000, 0x0000000800000000)
  region size 2048K, 1 young (2048K), 1 survivors (2048K)
 Metaspace       used 25935K, committed 26112K, reserved 1114112K
  class space    used 3067K, committed 3136K, reserved 1048576K
}
Event: 1.335 GC heap before
{Heap before GC invocations=6 (full 0):
 garbage-first heap   total 40960K, used 24360K [0x0000000701000000, 0x0000000800000000)
  region size 2048K, 8 young (16384K), 1 survivors (2048K)
 Metaspace       used 27191K, committed 27392K, reserved 1114112K
  class space    used 3196K, committed 3264K, reserved 1048576K
}
Event: 1.335 GC heap after
{Heap after GC invocations=7 (full 0):
 garbage-first heap   total 40960K, used 10900K [0x0000000701000000, 0x0000000800000000)
  region size 2048K, 1 young (2048K), 1 survivors (2048K)
 Metaspace       used 27191K, committed 27392K, reserved 1114112K
  class space    used 3196K, committed 3264K, reserved 1048576K
}
Event: 1.533 GC heap before
{Heap before GC invocations=7 (full 0):
 garbage-first heap   total 40960K, used 27284K [0x0000000701000000, 0x0000000800000000)
  region size 2048K, 9 young (18432K), 1 survivors (2048K)
 Metaspace       used 29073K, committed 29376K, reserved 1114112K
  class space    used 3427K, committed 3584K, reserved 1048576K
}
Event: 1.534 GC heap after
{Heap after GC invocations=8 (full 0):
 garbage-first heap   total 40960K, used 11945K [0x0000000701000000, 0x0000000800000000)
  region size 2048K, 2 young (4096K), 2 survivors (4096K)
 Metaspace       used 29073K, committed 29376K, reserved 1114112K
  class space    used 3427K, committed 3584K, reserved 1048576K
}
Event: 1.755 GC heap before
{Heap before GC invocations=8 (full 0):
 garbage-first heap   total 40960K, used 26281K [0x0000000701000000, 0x0000000800000000)
  region size 2048K, 9 young (18432K), 2 survivors (4096K)
 Metaspace       used 31095K, committed 31488K, reserved 1114112K
  class space    used 3714K, committed 3904K, reserved 1048576K
}
Event: 1.757 GC heap after
{Heap after GC invocations=9 (full 0):
 garbage-first heap   total 40960K, used 13039K [0x0000000701000000, 0x0000000800000000)
  region size 2048K, 2 young (4096K), 2 survivors (4096K)
 Metaspace       used 31095K, committed 31488K, reserved 1114112K
  class space    used 3714K, committed 3904K, reserved 1048576K
}
Event: 2.056 GC heap before
{Heap before GC invocations=9 (full 0):
 garbage-first heap   total 40960K, used 27375K [0x0000000701000000, 0x0000000800000000)
  region size 2048K, 9 young (18432K), 2 survivors (4096K)
 Metaspace       used 33834K, committed 34176K, reserved 1114112K
  class space    used 4100K, committed 4288K, reserved 1048576K
}
Event: 2.058 GC heap after
{Heap after GC invocations=10 (full 0):
 garbage-first heap   total 40960K, used 14595K [0x0000000701000000, 0x0000000800000000)
  region size 2048K, 2 young (4096K), 2 survivors (4096K)
 Metaspace       used 33834K, committed 34176K, reserved 1114112K
  class space    used 4100K, committed 4288K, reserved 1048576K
}
Event: 2.283 GC heap before
{Heap before GC invocations=10 (full 0):
 garbage-first heap   total 40960K, used 22787K [0x0000000701000000, 0x0000000800000000)
  region size 2048K, 7 young (14336K), 2 survivors (4096K)
 Metaspace       used 35780K, committed 36096K, reserved 1114112K
  class space    used 4355K, committed 4544K, reserved 1048576K
}
Event: 2.285 GC heap after
{Heap after GC invocations=11 (full 0):
 garbage-first heap   total 40960K, used 15690K [0x0000000701000000, 0x0000000800000000)
  region size 2048K, 2 young (4096K), 2 survivors (4096K)
 Metaspace       used 35780K, committed 36096K, reserved 1114112K
  class space    used 4355K, committed 4544K, reserved 1048576K
}
Event: 2.524 GC heap before
{Heap before GC invocations=12 (full 0):
 garbage-first heap   total 40960K, used 25930K [0x0000000701000000, 0x0000000800000000)
  region size 2048K, 8 young (16384K), 2 survivors (4096K)
 Metaspace       used 37107K, committed 37440K, reserved 1114112K
  class space    used 4514K, committed 4672K, reserved 1048576K
}
Event: 2.526 GC heap after
{Heap after GC invocations=13 (full 0):
 garbage-first heap   total 40960K, used 17098K [0x0000000701000000, 0x0000000800000000)
  region size 2048K, 1 young (2048K), 1 survivors (2048K)
 Metaspace       used 37107K, committed 37440K, reserved 1114112K
  class space    used 4514K, committed 4672K, reserved 1048576K
}
Event: 2.565 GC heap before
{Heap before GC invocations=13 (full 0):
 garbage-first heap   total 40960K, used 19146K [0x0000000701000000, 0x0000000800000000)
  region size 2048K, 2 young (4096K), 1 survivors (2048K)
 Metaspace       used 37575K, committed 37888K, reserved 1114112K
  class space    used 4579K, committed 4672K, reserved 1048576K
}
Event: 2.567 GC heap after
{Heap after GC invocations=14 (full 0):
 garbage-first heap   total 40960K, used 16987K [0x0000000701000000, 0x0000000800000000)
  region size 2048K, 1 young (2048K), 1 survivors (2048K)
 Metaspace       used 37575K, committed 37888K, reserved 1114112K
  class space    used 4579K, committed 4672K, reserved 1048576K
}
Event: 2.705 GC heap before
{Heap before GC invocations=14 (full 0):
 garbage-first heap   total 40960K, used 25179K [0x0000000701000000, 0x0000000800000000)
  region size 2048K, 6 young (12288K), 1 survivors (2048K)
 Metaspace       used 39666K, committed 40064K, reserved 1114112K
  class space    used 4848K, committed 5056K, reserved 1048576K
}
Event: 2.707 GC heap after
{Heap after GC invocations=15 (full 0):
 garbage-first heap   total 151552K, used 17340K [0x0000000701000000, 0x0000000800000000)
  region size 2048K, 1 young (2048K), 1 survivors (2048K)
 Metaspace       used 39666K, committed 40064K, reserved 1114112K
  class space    used 4848K, committed 5056K, reserved 1048576K
}
Event: 3.905 GC heap before
{Heap before GC invocations=15 (full 0):
 garbage-first heap   total 151552K, used 105404K [0x0000000701000000, 0x0000000800000000)
  region size 2048K, 44 young (90112K), 1 survivors (2048K)
 Metaspace       used 59179K, committed 59520K, reserved 1114112K
  class space    used 7739K, committed 7872K, reserved 1048576K
}
Event: 3.909 GC heap after
{Heap after GC invocations=16 (full 0):
 garbage-first heap   total 151552K, used 22538K [0x0000000701000000, 0x0000000800000000)
  region size 2048K, 3 young (6144K), 3 survivors (6144K)
 Metaspace       used 59179K, committed 59520K, reserved 1114112K
  class space    used 7739K, committed 7872K, reserved 1048576K
}
Event: 4.033 GC heap before
{Heap before GC invocations=16 (full 0):
 garbage-first heap   total 151552K, used 38922K [0x0000000701000000, 0x0000000800000000)
  region size 2048K, 12 young (24576K), 3 survivors (6144K)
 Metaspace       used 59921K, committed 60288K, reserved 1114112K
  class space    used 7820K, committed 8000K, reserved 1048576K
}

